0 info it worked if it ends with ok
1 verbose cli [ '/usr/local/bin/node', '/usr/local/bin/npm', 'run', 'lite' ]
2 info using npm@3.10.10
3 info using node@v6.11.0
4 verbose run-script [ 'prelite', 'lite', 'postlite' ]
5 info lifecycle ng2-start@1.0.0~prelite: ng2-start@1.0.0
6 silly lifecycle ng2-start@1.0.0~prelite: no script for prelite, continuing
7 info lifecycle ng2-start@1.0.0~lite: ng2-start@1.0.0
8 verbose lifecycle ng2-start@1.0.0~lite: unsafe-perm in lifecycle true
9 verbose lifecycle ng2-start@1.0.0~lite: PATH: /usr/local/lib/node_modules/npm/bin/node-gyp-bin:/Volumes/Users_Data/mvaldes/Desktop/perso/Udemy/gettingStartedAngular2_notUdemy/ng2-start-forms/node_modules/.bin:/usr/local/bin:/usr/bin:/bin:/usr/sbin:/sbin
10 verbose lifecycle ng2-start@1.0.0~lite: CWD: /Volumes/Users_Data/mvaldes/Desktop/perso/Udemy/gettingStartedAngular2_notUdemy/ng2-start-forms
11 silly lifecycle ng2-start@1.0.0~lite: Args: [ '-c', 'lite-server' ]
12 info lifecycle ng2-start@1.0.0~lite: Failed to exec lite script
13 verbose stack Error: ng2-start@1.0.0 lite: `lite-server`
13 verbose stack spawn ENOENT
13 verbose stack     at ChildProcess.<anonymous> (/usr/local/lib/node_modules/npm/lib/utils/spawn.js:33:16)
13 verbose stack     at emitTwo (events.js:106:13)
13 verbose stack     at ChildProcess.emit (events.js:191:7)
13 verbose stack     at maybeClose (internal/child_process.js:891:16)
13 verbose stack     at Process.ChildProcess._handle.onexit (internal/child_process.js:226:5)
14 verbose pkgid ng2-start@1.0.0
15 verbose cwd /Volumes/Users_Data/mvaldes/Desktop/perso/Udemy/gettingStartedAngular2_notUdemy/ng2-start-forms
16 error Darwin 14.5.0
17 error argv "/usr/local/bin/node" "/usr/local/bin/npm" "run" "lite"
18 error node v6.11.0
19 error npm  v3.10.10
20 error file sh
21 error code ELIFECYCLE
22 error errno ENOENT
23 error syscall spawn
24 error ng2-start@1.0.0 lite: `lite-server`
24 error spawn ENOENT
25 error Failed at the ng2-start@1.0.0 lite script 'lite-server'.
25 error Make sure you have the latest version of node.js and npm installed.
25 error If you do, this is most likely a problem with the ng2-start package,
25 error not with npm itself.
25 error Tell the author that this fails on your system:
25 error     lite-server
25 error You can get information on how to open an issue for this project with:
25 error     npm bugs ng2-start
25 error Or if that isn't available, you can get their info via:
25 error     npm owner ls ng2-start
25 error There is likely additional logging output above.
26 verbose exit [ 1, true ]
